<?xml version="1.0" encoding="UTF-8"?>
<testsuites>
  <testsuite name="CHANGEME" file="/Users/rich/Documents/Code/stub/src/CHANGEME.php" tests="0" assertions="0" failures="0" errors="0" time="0.000000"/>
</testsuites>
